vagrant@mysql-test:~$ sudo mysql
Welcome to the MySQL monitor.  Commands end with ; or \g.
Your MySQL connection id is 15
Server version: 8.0.42-0ubuntu0.22.04.1 (Ubuntu)

Copyright (c) 2000, 2025, Oracle and/or its affiliates.

Oracle is a registered trademark of Oracle Corporation and/or its
affiliates. Other names may be trademarks of their respective
owners.

Type 'help;' or '\h' for help. Type '\c' to clear the current input statement.

mysql> use sakila;
Reading table information for completion of table and column names
You can turn off this feature to get a quicker startup with -A

Database changed
mysql> EXPLAIN ANALYZE 
    -> SELECT DISTINCT 
    ->   CONCAT(c.last_name, ' ', c.first_name), 
    ->   SUM(p.amount) OVER (PARTITION BY c.customer_id, f.title)
    -> FROM payment p, rental r, customer c, inventory i, film f
    -> WHERE DATE(p.payment_date) = '2005-07-30'
    ->   AND p.payment_date = r.rental_date
    ->   AND r.customer_id = c.customer_id
    ->   AND i.inventory_id = r.inventory_id;

+----------------------------------------------------------------------------------------------------------------------------------------------------------------------------------------------------------------------------------------------------------------------------------------------------------------------------------------------------------------------------------------------------------------------------------------------------------------------------------------------------------------------------------------------------------------------------------------------------------------------------------------------------------------------------------------------------------------------------------------------------------------------------------------------------------------------------------------------------------------------------------------------------------------------------------------------------------------------------------------------------------------------------------------------------------------------------------------------------------------------------------------------------------------------------------------------------------------------------------------------------------------------------------------------------------------------------------------------------------------------------------------------------------------------------------------------------------------------------------------------------------------------------------------------------------------------------------------------------------------------------------------------------------------------------------------------------------------------------------------------------------------------------------------------------------------------------------------------------------------------------------------------------------------------------------------------------------------------------------------------------------------------------------------------------------------------------------------------------------------------------------------------------------------------------+
| EXPLAIN                                                                                                                                                                                                                                                                                                                                                                                                                                                                                                                                                                                                                                                                                                                                                                                                                                                                                                                                                                                                                                                          
|
+----------------------------------------------------------------------------------------------------------------------------------------------------------------------------------------------------------------------------------------------------------------------------------------------------------------------------------------------------------------------------------------------------------------------------------------------------------------------------------------------------------------------------------------------------------------------------------------------------------------------------------------------------------------------------------------------------------------------------------------------------------------------------------------------------------------------------------------------------------------------------------------------------------------------------------------------------------------------------------------------------------------------------------------------------------------------------------------------------------------------------------------------------------------------------------------------------------------------------------------------------------------------------------------------------------------------------------------------------------------------------------------------------------------------------------------------------------------------------------------------------------------------------------------------------------------------------------------------------------------------------------------------------------------------------------------------------------------------------------------------------------------------------------------------------------------------------------------------------------------------------------------------------------------------------------------------------------------------------------------------------------------------------------------------------------------------------------------------------------------------------------------------------------------------------+
| -> Table scan on <temporary>  (cost=2.5..2.5 rows=0) (actual time=4691..4691 rows=391 loops=1)
    -> Temporary table with deduplication  (cost=0..0 rows=0) (actual time=4691..4691 rows=391 loops=1)
        -> Window aggregate with buffering: sum(payment.amount) OVER (PARTITION BY c.customer_id,f.title )   (actual time=1958..4536 rows=642000 
loops=1)
            -> Sort: c.customer_id, f.title  (actual time=1958..2007 rows=642000 loops=1)
                -> Stream results  (cost=22.2e+6 rows=16.7e+6) (actual time=0.552..1431 rows=642000 loops=1)
                    -> Nested loop inner join  (cost=22.2e+6 rows=16.7e+6) (actual time=0.547..1226 rows=642000 loops=1)
                        -> Nested loop inner join  (cost=20.5e+6 rows=16.7e+6) (actual time=0.543..1073 rows=642000 loops=1)
                            -> Nested loop inner join  (cost=18.9e+6 rows=16.7e+6) (actual time=0.538..889 rows=642000 loops=1)
                                -> Inner hash join (no condition)  (cost=1.61e+6 rows=16.1e+6) (actual time=0.528..32.3 rows=634000 loops=1)
                                    -> Filter: (cast(p.payment_date as date) = '2005-07-30')  (cost=1.68 rows=16086) (actual time=0.231..4.39 rows=634 
loops=1)
                                        -> Table scan on p  (cost=1.68 rows=16086) (actual time=0.223..3.23 rows=16044 loops=1)
                                    -> Hash
                                        -> Covering index scan on f using idx_title  (cost=112 rows=1000) (actual time=0.0479..0.217 rows=1000 loops=1)
                                -> Covering index lookup on r using rental_date (rental_date=p.payment_date)  (cost=0.969 rows=1.04) (actual 
time=874e-6..0.00124 rows=1.01 loops=634000)
                            -> Single-row index lookup on c using PRIMARY (customer_id=r.customer_id)  (cost=250e-6 rows=1) (actual time=165e-6..182e-6 
rows=1 loops=642000)
                        -> Single-row covering index lookup on i using PRIMARY (inventory_id=r.inventory_id)  (cost=250e-6 rows=1) (actual 
time=110e-6..127e-6 rows=1 loops=642000)
 |
+----------------------------------------------------------------------------------------------------------------------------------------------------------------------------------------------------------------------------------------------------------------------------------------------------------------------------------------------------------------------------------------------------------------------------------------------------------------------------------------------------------------------------------------------------------------------------------------------------------------------------------------------------------------------------------------------------------------------------------------------------------------------------------------------------------------------------------------------------------------------------------------------------------------------------------------------------------------------------------------------------------------------------------------------------------------------------------------------------------------------------------------------------------------------------------------------------------------------------------------------------------------------------------------------------------------------------------------------------------------------------------------------------------------------------------------------------------------------------------------------------------------------------------------------------------------------------------------------------------------------------------------------------------------------------------------------------------------------------------------------------------------------------------------------------------------------------------------------------------------------------------------------------------------------------------------------------------------------------------------------------------------------------------------------------------------------------------------------------------------------------------------------------------------------------+
1 row in set (4.69 sec)

mysql> 
mysql> 
